2021-09-15 12:50:43.145 | DEBUG    | __main__:<module>:233 - __name__:__main__
2021-09-15 12:50:43.149 | DEBUG    | __main__:dataset_connection:34 - Database opened
2021-09-15 12:50:43.173 | DEBUG    | socialnetwork_model:create_tables:20 - User Table created in database
2021-09-15 12:50:43.196 | DEBUG    | socialnetwork_model:create_tables:31 - Status Table created in database
2021-09-15 12:50:43.215 | DEBUG    | socialnetwork_model:create_tables:40 - Picture Table created in database
2021-09-15 12:51:05.746 | INFO     | users:add_user:44 - New User added: (abc01, abc.xyz@test.com, abc, xyz)
2021-09-15 12:51:18.656 | INFO     | user_status:add_status:42 - New Status added: (abc01_01, abc01, test message)
2021-09-15 12:51:30.632 | INFO     | user_status:add_status:42 - New Status added: (abc01_02, abc01, test message 2)
2021-09-15 12:51:51.099 | INFO     | list_user_images:add_image:52 - New Image added: (1, abc01, #car #sport at abc01/car/sport)
2021-09-15 12:52:03.616 | DEBUG    | __main__:dataset_connection:44 - Database closed
2021-09-15 13:14:25.613 | DEBUG    | __main__:<module>:233 - __name__:__main__
2021-09-15 13:14:25.620 | DEBUG    | __main__:dataset_connection:34 - Database opened
2021-09-15 13:14:25.628 | DEBUG    | socialnetwork_model:create_tables:20 - User Table created in database
2021-09-15 13:14:25.635 | DEBUG    | socialnetwork_model:create_tables:31 - Status Table created in database
2021-09-15 13:14:25.641 | DEBUG    | socialnetwork_model:create_tables:40 - Picture Table created in database
2021-09-15 13:15:01.290 | INFO     | list_user_images:add_image:52 - New Image added: (2, abc01, #car #luxury at abc01/car/luxury)
2021-09-15 13:15:19.793 | DEBUG    | __main__:dataset_connection:44 - Database closed
2021-09-15 14:11:05.554 | DEBUG    | menu:dataset_connection:34 - Database opened
2021-09-15 14:11:05.564 | DEBUG    | socialnetwork_model:create_tables:20 - User Table created in database
2021-09-15 14:11:05.570 | DEBUG    | socialnetwork_model:create_tables:31 - Status Table created in database
2021-09-15 14:11:05.577 | DEBUG    | socialnetwork_model:create_tables:40 - Picture Table created in database
2021-09-15 14:11:39.509 | DEBUG    | menu:dataset_connection:44 - Database closed
2021-09-15 14:11:40.902 | DEBUG    | menu:dataset_connection:34 - Database opened
2021-09-15 14:11:40.908 | DEBUG    | socialnetwork_model:create_tables:20 - User Table created in database
2021-09-15 14:11:40.912 | DEBUG    | socialnetwork_model:create_tables:31 - Status Table created in database
2021-09-15 14:11:40.917 | DEBUG    | socialnetwork_model:create_tables:40 - Picture Table created in database
2021-09-15 14:11:42.787 | INFO     | list_user_images:list_of_user_images:84 - 2 images found for user abc01
2021-09-15 14:11:43.154 | INFO     | list_user_images:list_of_user_images:84 - 2 images found for user abc01
2021-09-15 14:15:45.900 | DEBUG    | menu:dataset_connection:44 - Database closed
2021-09-15 14:15:47.286 | DEBUG    | menu:dataset_connection:34 - Database opened
2021-09-15 14:15:47.291 | DEBUG    | socialnetwork_model:create_tables:20 - User Table created in database
2021-09-15 14:15:47.296 | DEBUG    | socialnetwork_model:create_tables:31 - Status Table created in database
2021-09-15 14:15:47.302 | DEBUG    | socialnetwork_model:create_tables:40 - Picture Table created in database
2021-09-15 14:15:51.521 | INFO     | list_user_images:list_of_user_images:84 - 5 images found for user abc01
2021-09-15 14:18:27.725 | DEBUG    | __main__:<module>:233 - __name__:__main__
2021-09-15 14:18:27.730 | DEBUG    | __main__:dataset_connection:34 - Database opened
2021-09-15 14:18:27.735 | DEBUG    | socialnetwork_model:create_tables:20 - User Table created in database
2021-09-15 14:18:27.739 | DEBUG    | socialnetwork_model:create_tables:31 - Status Table created in database
2021-09-15 14:18:27.743 | DEBUG    | socialnetwork_model:create_tables:40 - Picture Table created in database
2021-09-15 14:18:34.345 | INFO     | list_user_images:list_of_user_images:84 - 5 images found for user abc01
2021-09-15 16:36:13.752 | DEBUG    | __main__:dataset_connection:44 - Database closed
2021-09-15 16:36:17.806 | DEBUG    | __main__:<module>:233 - __name__:__main__
2021-09-15 16:36:17.819 | DEBUG    | __main__:dataset_connection:34 - Database opened
2021-09-15 16:36:17.826 | DEBUG    | socialnetwork_model:create_tables:20 - User Table created in database
2021-09-15 16:36:17.832 | DEBUG    | socialnetwork_model:create_tables:31 - Status Table created in database
2021-09-15 16:36:17.847 | DEBUG    | socialnetwork_model:create_tables:40 - Picture Table created in database
2021-09-15 16:36:27.980 | DEBUG    | __main__:dataset_connection:38 - Error: 'PosixPath' object has no attribute 'startswith'
2021-09-15 16:36:27.981 | DEBUG    | __main__:dataset_connection:44 - Database closed
2021-09-15 16:40:57.600 | DEBUG    | __main__:<module>:233 - __name__:__main__
2021-09-15 16:40:57.611 | DEBUG    | __main__:dataset_connection:34 - Database opened
2021-09-15 16:40:57.620 | DEBUG    | socialnetwork_model:create_tables:20 - User Table created in database
2021-09-15 16:40:57.627 | DEBUG    | socialnetwork_model:create_tables:31 - Status Table created in database
2021-09-15 16:40:57.636 | DEBUG    | socialnetwork_model:create_tables:40 - Picture Table created in database
2021-09-15 16:41:03.932 | INFO     | list_user_images:list_of_user_images:84 - 5 images found for user abc01
2021-09-15 16:44:43.389 | DEBUG    | __main__:dataset_connection:44 - Database closed
2021-09-15 16:44:44.230 | DEBUG    | __main__:<module>:233 - __name__:__main__
2021-09-15 16:44:44.236 | DEBUG    | __main__:dataset_connection:34 - Database opened
2021-09-15 16:44:44.242 | DEBUG    | socialnetwork_model:create_tables:20 - User Table created in database
2021-09-15 16:44:44.245 | DEBUG    | socialnetwork_model:create_tables:31 - Status Table created in database
2021-09-15 16:44:44.250 | DEBUG    | socialnetwork_model:create_tables:40 - Picture Table created in database
2021-09-15 16:44:51.240 | INFO     | list_user_images:list_of_user_images:84 - 3 images found for user abc01
2021-09-15 16:44:59.107 | DEBUG    | menu:dataset_connection:44 - Database closed
2021-09-15 16:45:00.635 | DEBUG    | menu:dataset_connection:34 - Database opened
2021-09-15 16:45:00.641 | DEBUG    | socialnetwork_model:create_tables:20 - User Table created in database
2021-09-15 16:45:00.645 | DEBUG    | socialnetwork_model:create_tables:31 - Status Table created in database
2021-09-15 16:45:00.649 | DEBUG    | socialnetwork_model:create_tables:40 - Picture Table created in database
2021-09-15 16:45:11.980 | INFO     | list_user_images:list_of_user_images:84 - 3 images found for user abc01
2021-09-15 16:45:43.931 | DEBUG    | menu:dataset_connection:44 - Database closed
2021-09-15 16:45:45.288 | DEBUG    | menu:dataset_connection:34 - Database opened
2021-09-15 16:45:45.296 | DEBUG    | socialnetwork_model:create_tables:20 - User Table created in database
2021-09-15 16:45:45.300 | DEBUG    | socialnetwork_model:create_tables:31 - Status Table created in database
2021-09-15 16:45:45.310 | DEBUG    | socialnetwork_model:create_tables:40 - Picture Table created in database
2021-09-15 16:45:48.966 | INFO     | list_user_images:list_of_user_images:84 - 4 images found for user abc01
2021-09-15 16:51:35.033 | WARNING  | user_status:add_status:45 - status_id:mno_0001 already existed. Duplicate entry cannot be made.
2021-09-15 16:51:35.058 | WARNING  | users:add_user:47 - user_id:abc_01 already existed. Duplicate entry cannot be made.
2021-09-15 16:51:35.086 | INFO     | list_user_images:add_image:52 - New Image added: (4, mno_01, #car #luxury at mno_01/car/luxury)
2021-09-15 16:51:35.107 | DEBUG    | list_user_images:check_image_constraints:26 - Tags can only contain upper and lower case letters and underscore
2021-09-15 16:51:35.128 | INFO     | user_status:add_status:42 - New Status added: (mno_0002, mno_01, test message 3)
2021-09-15 16:51:35.146 | INFO     | users:add_user:44 - New User added: (ijk_01, ijk.lmn@test.com, ijk, lmn)
2021-09-15 16:51:35.385 | WARNING  | user_status:delete_status:70 - status_id:mno_0006 doesn't exist and cannot be deleted.
2021-09-15 16:51:35.412 | WARNING  | users:delete_user:81 - user_id:abc_04 doesn't exist and cannot be deleted.
2021-09-15 16:51:35.432 | WARNING  | user_status:delete_status:70 - status_id:mno_0002 doesn't exist and cannot be deleted.
2021-09-15 16:51:35.452 | INFO     | users:delete_user:78 - abc_01 deleted from database.
2021-09-15 16:51:35.470 | INFO     | list_user_images:list_of_user_images:84 - 1 images found for user abc_01
2021-09-15 16:51:35.493 | WARNING  | user_status:modify_status:61 - status_id:mno_0003 doesn't exist and cannot be modified.
2021-09-15 16:51:35.514 | WARNING  | users:modify_user:67 - user_id:abc_02 doesn't exist and cannot be modified.
2021-09-15 16:51:35.535 | INFO     | user_status:modify_status:58 -  status_id: mno_0001 modified -  new_status_text:test message 4)
2021-09-15 16:51:35.557 | INFO     | users:modify_user:63 - User abc_01 modified - new_email:abc.xyz@test.com, new_user_name:abc, new_user_last_name: xyz)
2021-09-15 16:51:35.575 | INFO     | list_user_images:list_of_user_images:84 - 2 images found for user mno_01
2021-09-15 16:51:35.593 | DEBUG    | list_user_images:reconcile_images:114 - user_id:mno01 doesn't exist and images cannot be reconciled.
2021-09-15 16:51:35.612 | INFO     | list_user_images:list_of_user_images:84 - 2 images found for user mno_01
2021-09-15 16:51:35.662 | WARNING  | user_status:search_status:79 - status_id:mno_0004 not found in the database.
2021-09-15 16:51:35.687 | WARNING  | users:search_user:93 - user_id:abc_02 not found in the database.
2021-09-15 16:51:35.706 | INFO     | user_status:search_status:76 - mno_0005 found in search database.
2021-09-15 16:51:35.723 | INFO     | users:search_user:90 - mno_01 found in search database.
2021-09-15 16:55:27.811 | WARNING  | user_status:add_status:45 - status_id:mno_0001 already existed. Duplicate entry cannot be made.
2021-09-15 16:55:27.844 | WARNING  | users:add_user:47 - user_id:abc_01 already existed. Duplicate entry cannot be made.
2021-09-15 16:55:27.866 | INFO     | list_user_images:add_image:52 - New Image added: (4, mno_01, #car #luxury at mno_01/car/luxury)
2021-09-15 16:55:27.914 | DEBUG    | list_user_images:check_image_constraints:26 - Tags can only contain upper and lower case letters and underscore
2021-09-15 16:55:27.947 | INFO     | user_status:add_status:42 - New Status added: (mno_0002, mno_01, test message 3)
2021-09-15 16:55:27.965 | INFO     | users:add_user:44 - New User added: (ijk_01, ijk.lmn@test.com, ijk, lmn)
2021-09-15 16:55:28.183 | WARNING  | user_status:delete_status:70 - status_id:mno_0006 doesn't exist and cannot be deleted.
2021-09-15 16:55:28.204 | WARNING  | users:delete_user:81 - user_id:abc_04 doesn't exist and cannot be deleted.
2021-09-15 16:55:28.220 | WARNING  | user_status:delete_status:70 - status_id:mno_0002 doesn't exist and cannot be deleted.
2021-09-15 16:55:28.242 | INFO     | users:delete_user:78 - abc_01 deleted from database.
2021-09-15 16:55:28.259 | INFO     | list_user_images:list_of_user_images:84 - 1 images found for user abc_01
2021-09-15 16:55:28.278 | WARNING  | user_status:modify_status:61 - status_id:mno_0003 doesn't exist and cannot be modified.
2021-09-15 16:55:28.303 | WARNING  | users:modify_user:67 - user_id:abc_02 doesn't exist and cannot be modified.
2021-09-15 16:55:28.331 | INFO     | user_status:modify_status:58 -  status_id: mno_0001 modified -  new_status_text:test message 4)
2021-09-15 16:55:28.374 | INFO     | users:modify_user:63 - User abc_01 modified - new_email:abc.xyz@test.com, new_user_name:abc, new_user_last_name: xyz)
2021-09-15 16:55:28.395 | INFO     | list_user_images:list_of_user_images:84 - 2 images found for user mno_01
2021-09-15 16:55:28.414 | DEBUG    | list_user_images:reconcile_images:114 - user_id:mno01 doesn't exist and images cannot be reconciled.
2021-09-15 16:55:28.433 | INFO     | list_user_images:list_of_user_images:84 - 2 images found for user mno_01
2021-09-15 16:55:28.464 | WARNING  | user_status:search_status:79 - status_id:mno_0004 not found in the database.
2021-09-15 16:55:28.480 | WARNING  | users:search_user:93 - user_id:abc_02 not found in the database.
2021-09-15 16:55:28.498 | INFO     | user_status:search_status:76 - mno_0005 found in search database.
2021-09-15 16:55:28.521 | INFO     | users:search_user:90 - mno_01 found in search database.
2021-09-15 16:58:31.774 | WARNING  | user_status:add_status:45 - status_id:mno_0001 already existed. Duplicate entry cannot be made.
2021-09-15 16:58:31.800 | WARNING  | users:add_user:47 - user_id:abc_01 already existed. Duplicate entry cannot be made.
2021-09-15 16:58:31.828 | INFO     | list_user_images:add_image:52 - New Image added: (4, mno_01, #car #luxury at mno_01/car/luxury)
2021-09-15 16:58:31.846 | DEBUG    | list_user_images:check_image_constraints:26 - Tags can only contain upper and lower case letters and underscore
2021-09-15 16:58:31.867 | INFO     | user_status:add_status:42 - New Status added: (mno_0002, mno_01, test message 3)
2021-09-15 16:58:31.893 | INFO     | users:add_user:44 - New User added: (ijk_01, ijk.lmn@test.com, ijk, lmn)
2021-09-15 16:58:31.922 | WARNING  | user_status:delete_status:70 - status_id:mno_0006 doesn't exist and cannot be deleted.
2021-09-15 16:58:31.952 | WARNING  | users:delete_user:81 - user_id:abc_04 doesn't exist and cannot be deleted.
2021-09-15 16:58:31.971 | WARNING  | user_status:delete_status:70 - status_id:mno_0002 doesn't exist and cannot be deleted.
2021-09-15 16:58:31.999 | INFO     | users:delete_user:78 - abc_01 deleted from database.
2021-09-15 16:58:32.015 | INFO     | list_user_images:list_of_user_images:84 - 1 images found for user abc_01
2021-09-15 16:58:32.050 | WARNING  | user_status:modify_status:61 - status_id:mno_0003 doesn't exist and cannot be modified.
2021-09-15 16:58:32.121 | WARNING  | users:modify_user:67 - user_id:abc_02 doesn't exist and cannot be modified.
2021-09-15 16:58:32.168 | INFO     | user_status:modify_status:58 -  status_id: mno_0001 modified -  new_status_text:test message 4)
2021-09-15 16:58:32.201 | INFO     | users:modify_user:63 - User abc_01 modified - new_email:abc.xyz@test.com, new_user_name:abc, new_user_last_name: xyz)
2021-09-15 16:58:32.220 | INFO     | list_user_images:list_of_user_images:84 - 2 images found for user mno_01
2021-09-15 16:58:32.238 | DEBUG    | list_user_images:reconcile_images:114 - user_id:mno01 doesn't exist and images cannot be reconciled.
2021-09-15 16:58:32.273 | INFO     | list_user_images:list_of_user_images:84 - 2 images found for user mno_01
2021-09-15 16:58:33.333 | WARNING  | user_status:search_status:79 - status_id:mno_0004 not found in the database.
2021-09-15 16:58:33.362 | WARNING  | users:search_user:93 - user_id:abc_02 not found in the database.
2021-09-15 16:58:33.409 | INFO     | user_status:search_status:76 - mno_0005 found in search database.
2021-09-15 16:58:33.466 | INFO     | users:search_user:90 - mno_01 found in search database.
2021-09-15 17:04:46.673 | WARNING  | user_status:add_status:45 - status_id:mno_0001 already existed. Duplicate entry cannot be made.
2021-09-15 17:04:46.698 | WARNING  | users:add_user:47 - user_id:abc_01 already existed. Duplicate entry cannot be made.
2021-09-15 17:04:46.719 | INFO     | list_user_images:add_image:52 - New Image added: (4, mno_01, #car #luxury at mno_01/car/luxury)
2021-09-15 17:04:46.741 | DEBUG    | list_user_images:check_image_constraints:26 - Tags can only contain upper and lower case letters and underscore
2021-09-15 17:04:46.764 | INFO     | user_status:add_status:42 - New Status added: (mno_0002, mno_01, test message 3)
2021-09-15 17:04:46.791 | INFO     | users:add_user:44 - New User added: (ijk_01, ijk.lmn@test.com, ijk, lmn)
2021-09-15 17:04:46.812 | WARNING  | user_status:delete_status:70 - status_id:mno_0006 doesn't exist and cannot be deleted.
2021-09-15 17:04:46.833 | WARNING  | users:delete_user:81 - user_id:abc_04 doesn't exist and cannot be deleted.
2021-09-15 17:04:46.860 | WARNING  | user_status:delete_status:70 - status_id:mno_0002 doesn't exist and cannot be deleted.
2021-09-15 17:04:46.889 | INFO     | users:delete_user:78 - abc_01 deleted from database.
2021-09-15 17:04:46.908 | INFO     | list_user_images:list_of_user_images:84 - 1 images found for user abc_01
2021-09-15 17:04:46.929 | WARNING  | user_status:modify_status:61 - status_id:mno_0003 doesn't exist and cannot be modified.
2021-09-15 17:04:46.964 | WARNING  | users:modify_user:67 - user_id:abc_02 doesn't exist and cannot be modified.
2021-09-15 17:04:46.989 | INFO     | user_status:modify_status:58 -  status_id: mno_0001 modified -  new_status_text:test message 4)
2021-09-15 17:04:47.005 | INFO     | users:modify_user:63 - User abc_01 modified - new_email:abc.xyz@test.com, new_user_name:abc, new_user_last_name: xyz)
2021-09-15 17:04:47.022 | INFO     | list_user_images:list_of_user_images:84 - 2 images found for user mno_01
2021-09-15 17:04:47.040 | DEBUG    | list_user_images:reconcile_images:114 - user_id:mno01 doesn't exist and images cannot be reconciled.
2021-09-15 17:04:47.056 | INFO     | list_user_images:list_of_user_images:84 - 2 images found for user mno_01
2021-09-15 17:04:47.175 | WARNING  | user_status:search_status:79 - status_id:mno_0004 not found in the database.
2021-09-15 17:04:47.192 | WARNING  | users:search_user:93 - user_id:abc_02 not found in the database.
2021-09-15 17:04:47.209 | INFO     | user_status:search_status:76 - mno_0005 found in search database.
2021-09-15 17:04:47.227 | INFO     | users:search_user:90 - mno_01 found in search database.
2021-09-15 17:05:08.026 | WARNING  | user_status:add_status:45 - status_id:mno_0001 already existed. Duplicate entry cannot be made.
2021-09-15 17:05:08.043 | WARNING  | users:add_user:47 - user_id:abc_01 already existed. Duplicate entry cannot be made.
2021-09-15 17:05:08.060 | INFO     | list_user_images:add_image:52 - New Image added: (4, mno_01, #car #luxury at mno_01/car/luxury)
2021-09-15 17:05:08.085 | DEBUG    | list_user_images:check_image_constraints:26 - Tags can only contain upper and lower case letters and underscore
2021-09-15 17:05:08.105 | INFO     | user_status:add_status:42 - New Status added: (mno_0002, mno_01, test message 3)
2021-09-15 17:05:08.122 | INFO     | users:add_user:44 - New User added: (ijk_01, ijk.lmn@test.com, ijk, lmn)
2021-09-15 17:05:08.141 | WARNING  | user_status:delete_status:70 - status_id:mno_0006 doesn't exist and cannot be deleted.
2021-09-15 17:05:08.160 | WARNING  | users:delete_user:81 - user_id:abc_04 doesn't exist and cannot be deleted.
2021-09-15 17:05:08.179 | WARNING  | user_status:delete_status:70 - status_id:mno_0002 doesn't exist and cannot be deleted.
2021-09-15 17:05:08.199 | INFO     | users:delete_user:78 - abc_01 deleted from database.
2021-09-15 17:05:08.224 | INFO     | list_user_images:list_of_user_images:84 - 1 images found for user abc_01
2021-09-15 17:05:08.250 | WARNING  | user_status:modify_status:61 - status_id:mno_0003 doesn't exist and cannot be modified.
2021-09-15 17:05:08.273 | WARNING  | users:modify_user:67 - user_id:abc_02 doesn't exist and cannot be modified.
2021-09-15 17:05:08.290 | INFO     | user_status:modify_status:58 -  status_id: mno_0001 modified -  new_status_text:test message 4)
2021-09-15 17:05:08.306 | INFO     | users:modify_user:63 - User abc_01 modified - new_email:abc.xyz@test.com, new_user_name:abc, new_user_last_name: xyz)
2021-09-15 17:05:08.324 | INFO     | list_user_images:list_of_user_images:84 - 2 images found for user mno_01
2021-09-15 17:05:08.341 | DEBUG    | list_user_images:reconcile_images:114 - user_id:mno01 doesn't exist and images cannot be reconciled.
2021-09-15 17:05:08.364 | INFO     | list_user_images:list_of_user_images:84 - 2 images found for user mno_01
2021-09-15 17:05:08.494 | WARNING  | user_status:search_status:79 - status_id:mno_0004 not found in the database.
2021-09-15 17:05:08.512 | WARNING  | users:search_user:93 - user_id:abc_02 not found in the database.
2021-09-15 17:05:08.532 | INFO     | user_status:search_status:76 - mno_0005 found in search database.
2021-09-15 17:05:08.548 | INFO     | users:search_user:90 - mno_01 found in search database.
2021-09-15 17:05:27.465 | WARNING  | user_status:add_status:45 - status_id:mno_0001 already existed. Duplicate entry cannot be made.
2021-09-15 17:05:27.490 | WARNING  | users:add_user:47 - user_id:abc_01 already existed. Duplicate entry cannot be made.
2021-09-15 17:05:27.519 | INFO     | list_user_images:add_image:52 - New Image added: (4, mno_01, #car #luxury at mno_01/car/luxury)
2021-09-15 17:05:27.539 | DEBUG    | list_user_images:check_image_constraints:26 - Tags can only contain upper and lower case letters and underscore
2021-09-15 17:05:27.568 | INFO     | user_status:add_status:42 - New Status added: (mno_0002, mno_01, test message 3)
2021-09-15 17:05:27.586 | INFO     | users:add_user:44 - New User added: (ijk_01, ijk.lmn@test.com, ijk, lmn)
2021-09-15 17:05:27.607 | WARNING  | user_status:delete_status:70 - status_id:mno_0006 doesn't exist and cannot be deleted.
2021-09-15 17:05:27.626 | WARNING  | users:delete_user:81 - user_id:abc_04 doesn't exist and cannot be deleted.
2021-09-15 17:05:27.642 | WARNING  | user_status:delete_status:70 - status_id:mno_0002 doesn't exist and cannot be deleted.
2021-09-15 17:05:27.658 | INFO     | users:delete_user:78 - abc_01 deleted from database.
2021-09-15 17:05:27.674 | INFO     | list_user_images:list_of_user_images:84 - 1 images found for user abc_01
2021-09-15 17:05:27.691 | WARNING  | user_status:modify_status:61 - status_id:mno_0003 doesn't exist and cannot be modified.
2021-09-15 17:05:27.708 | WARNING  | users:modify_user:67 - user_id:abc_02 doesn't exist and cannot be modified.
2021-09-15 17:05:27.726 | INFO     | user_status:modify_status:58 -  status_id: mno_0001 modified -  new_status_text:test message 4)
2021-09-15 17:05:27.743 | INFO     | users:modify_user:63 - User abc_01 modified - new_email:abc.xyz@test.com, new_user_name:abc, new_user_last_name: xyz)
2021-09-15 17:05:27.761 | INFO     | list_user_images:list_of_user_images:84 - 2 images found for user mno_01
2021-09-15 17:05:27.784 | DEBUG    | list_user_images:reconcile_images:114 - user_id:mno01 doesn't exist and images cannot be reconciled.
2021-09-15 17:05:27.800 | INFO     | list_user_images:list_of_user_images:84 - 2 images found for user mno_01
2021-09-15 17:05:27.918 | WARNING  | user_status:search_status:79 - status_id:mno_0004 not found in the database.
2021-09-15 17:05:27.933 | WARNING  | users:search_user:93 - user_id:abc_02 not found in the database.
2021-09-15 17:05:27.950 | INFO     | user_status:search_status:76 - mno_0005 found in search database.
2021-09-15 17:05:27.970 | INFO     | users:search_user:90 - mno_01 found in search database.
2021-09-15 17:06:56.927 | WARNING  | user_status:add_status:45 - status_id:mno_0001 already existed. Duplicate entry cannot be made.
2021-09-15 17:06:56.955 | WARNING  | users:add_user:47 - user_id:abc_01 already existed. Duplicate entry cannot be made.
2021-09-15 17:06:56.996 | INFO     | list_user_images:add_image:52 - New Image added: (4, mno_01, #car #luxury at mno_01/car/luxury)
2021-09-15 17:06:57.030 | DEBUG    | list_user_images:check_image_constraints:26 - Tags can only contain upper and lower case letters and underscore
2021-09-15 17:06:57.064 | INFO     | user_status:add_status:42 - New Status added: (mno_0002, mno_01, test message 3)
2021-09-15 17:06:57.091 | INFO     | users:add_user:44 - New User added: (ijk_01, ijk.lmn@test.com, ijk, lmn)
2021-09-15 17:06:57.125 | WARNING  | user_status:delete_status:70 - status_id:mno_0006 doesn't exist and cannot be deleted.
2021-09-15 17:06:57.156 | WARNING  | users:delete_user:81 - user_id:abc_04 doesn't exist and cannot be deleted.
2021-09-15 17:06:57.171 | WARNING  | user_status:delete_status:70 - status_id:mno_0002 doesn't exist and cannot be deleted.
2021-09-15 17:06:57.188 | INFO     | users:delete_user:78 - abc_01 deleted from database.
2021-09-15 17:06:57.206 | INFO     | list_user_images:list_of_user_images:84 - 1 images found for user abc_01
2021-09-15 17:06:57.226 | WARNING  | user_status:modify_status:61 - status_id:mno_0003 doesn't exist and cannot be modified.
2021-09-15 17:06:57.244 | WARNING  | users:modify_user:67 - user_id:abc_02 doesn't exist and cannot be modified.
2021-09-15 17:06:57.268 | INFO     | user_status:modify_status:58 -  status_id: mno_0001 modified -  new_status_text:test message 4)
2021-09-15 17:06:57.287 | INFO     | users:modify_user:63 - User abc_01 modified - new_email:abc.xyz@test.com, new_user_name:abc, new_user_last_name: xyz)
2021-09-15 17:06:57.307 | INFO     | list_user_images:list_of_user_images:84 - 2 images found for user mno_01
2021-09-15 17:06:57.326 | DEBUG    | list_user_images:reconcile_images:114 - user_id:mno01 doesn't exist and images cannot be reconciled.
2021-09-15 17:06:57.348 | INFO     | list_user_images:list_of_user_images:84 - 2 images found for user mno_01
2021-09-15 17:06:57.376 | WARNING  | user_status:search_status:79 - status_id:mno_0004 not found in the database.
2021-09-15 17:06:57.396 | WARNING  | users:search_user:93 - user_id:abc_02 not found in the database.
2021-09-15 17:06:57.421 | INFO     | user_status:search_status:76 - mno_0005 found in search database.
2021-09-15 17:06:57.443 | INFO     | users:search_user:90 - mno_01 found in search database.
2021-09-15 17:09:26.684 | WARNING  | user_status:add_status:45 - status_id:mno_0001 already existed. Duplicate entry cannot be made.
2021-09-15 17:09:26.712 | WARNING  | users:add_user:47 - user_id:abc_01 already existed. Duplicate entry cannot be made.
2021-09-15 17:09:26.750 | INFO     | list_user_images:add_image:52 - New Image added: (4, mno_01, #car #luxury at mno_01/car/luxury)
2021-09-15 17:09:26.786 | DEBUG    | list_user_images:check_image_constraints:26 - Tags can only contain upper and lower case letters and underscore
2021-09-15 17:09:26.814 | INFO     | user_status:add_status:42 - New Status added: (mno_0002, mno_01, test message 3)
2021-09-15 17:09:26.848 | INFO     | users:add_user:44 - New User added: (ijk_01, ijk.lmn@test.com, ijk, lmn)
2021-09-15 17:09:26.881 | WARNING  | user_status:delete_status:70 - status_id:mno_0006 doesn't exist and cannot be deleted.
2021-09-15 17:09:26.907 | WARNING  | users:delete_user:81 - user_id:abc_04 doesn't exist and cannot be deleted.
2021-09-15 17:09:26.937 | WARNING  | user_status:delete_status:70 - status_id:mno_0002 doesn't exist and cannot be deleted.
2021-09-15 17:09:26.975 | INFO     | users:delete_user:78 - abc_01 deleted from database.
2021-09-15 17:09:27.015 | INFO     | list_user_images:list_of_user_images:84 - 1 images found for user abc_01
2021-09-15 17:09:27.045 | WARNING  | user_status:modify_status:61 - status_id:mno_0003 doesn't exist and cannot be modified.
2021-09-15 17:09:27.076 | WARNING  | users:modify_user:67 - user_id:abc_02 doesn't exist and cannot be modified.
2021-09-15 17:09:27.107 | INFO     | user_status:modify_status:58 -  status_id: mno_0001 modified -  new_status_text:test message 4)
2021-09-15 17:09:27.138 | INFO     | users:modify_user:63 - User abc_01 modified - new_email:abc.xyz@test.com, new_user_name:abc, new_user_last_name: xyz)
2021-09-15 17:09:27.181 | INFO     | list_user_images:list_of_user_images:84 - 2 images found for user mno_01
2021-09-15 17:09:27.216 | DEBUG    | list_user_images:reconcile_images:114 - user_id:mno01 doesn't exist and images cannot be reconciled.
2021-09-15 17:09:27.248 | INFO     | list_user_images:list_of_user_images:84 - 2 images found for user mno_01
2021-09-15 17:09:27.287 | WARNING  | user_status:search_status:79 - status_id:mno_0004 not found in the database.
2021-09-15 17:09:27.327 | WARNING  | users:search_user:93 - user_id:abc_02 not found in the database.
2021-09-15 17:09:27.360 | INFO     | user_status:search_status:76 - mno_0005 found in search database.
2021-09-15 17:09:27.389 | INFO     | users:search_user:90 - mno_01 found in search database.
2021-09-15 17:09:44.915 | WARNING  | user_status:add_status:45 - status_id:mno_0001 already existed. Duplicate entry cannot be made.
2021-09-15 17:09:44.948 | WARNING  | users:add_user:47 - user_id:abc_01 already existed. Duplicate entry cannot be made.
2021-09-15 17:09:44.986 | INFO     | list_user_images:add_image:52 - New Image added: (4, mno_01, #car #luxury at mno_01/car/luxury)
2021-09-15 17:09:45.022 | DEBUG    | list_user_images:check_image_constraints:26 - Tags can only contain upper and lower case letters and underscore
2021-09-15 17:09:45.051 | INFO     | user_status:add_status:42 - New Status added: (mno_0002, mno_01, test message 3)
2021-09-15 17:09:45.081 | INFO     | users:add_user:44 - New User added: (ijk_01, ijk.lmn@test.com, ijk, lmn)
2021-09-15 17:09:45.111 | WARNING  | user_status:delete_status:70 - status_id:mno_0006 doesn't exist and cannot be deleted.
2021-09-15 17:09:45.150 | WARNING  | users:delete_user:81 - user_id:abc_04 doesn't exist and cannot be deleted.
2021-09-15 17:09:45.187 | WARNING  | user_status:delete_status:70 - status_id:mno_0002 doesn't exist and cannot be deleted.
2021-09-15 17:09:45.212 | INFO     | users:delete_user:78 - abc_01 deleted from database.
2021-09-15 17:09:45.244 | INFO     | list_user_images:list_of_user_images:84 - 1 images found for user abc_01
2021-09-15 17:09:45.279 | WARNING  | user_status:modify_status:61 - status_id:mno_0003 doesn't exist and cannot be modified.
2021-09-15 17:09:45.328 | WARNING  | users:modify_user:67 - user_id:abc_02 doesn't exist and cannot be modified.
2021-09-15 17:09:45.432 | INFO     | user_status:modify_status:58 -  status_id: mno_0001 modified -  new_status_text:test message 4)
2021-09-15 17:09:45.461 | INFO     | users:modify_user:63 - User abc_01 modified - new_email:abc.xyz@test.com, new_user_name:abc, new_user_last_name: xyz)
2021-09-15 17:09:45.503 | INFO     | list_user_images:list_of_user_images:84 - 2 images found for user mno_01
2021-09-15 17:09:45.547 | DEBUG    | list_user_images:reconcile_images:114 - user_id:mno01 doesn't exist and images cannot be reconciled.
2021-09-15 17:09:45.578 | INFO     | list_user_images:list_of_user_images:84 - 2 images found for user mno_01
2021-09-15 17:09:45.616 | WARNING  | user_status:search_status:79 - status_id:mno_0004 not found in the database.
2021-09-15 17:09:45.656 | WARNING  | users:search_user:93 - user_id:abc_02 not found in the database.
2021-09-15 17:09:45.702 | INFO     | user_status:search_status:76 - mno_0005 found in search database.
2021-09-15 17:09:45.760 | INFO     | users:search_user:90 - mno_01 found in search database.
2021-09-15 17:10:09.970 | WARNING  | user_status:add_status:45 - status_id:mno_0001 already existed. Duplicate entry cannot be made.
2021-09-15 17:10:09.987 | WARNING  | users:add_user:47 - user_id:abc_01 already existed. Duplicate entry cannot be made.
2021-09-15 17:10:10.006 | INFO     | list_user_images:add_image:52 - New Image added: (4, mno_01, #car #luxury at mno_01/car/luxury)
2021-09-15 17:10:10.036 | DEBUG    | list_user_images:check_image_constraints:26 - Tags can only contain upper and lower case letters and underscore
2021-09-15 17:10:10.054 | INFO     | user_status:add_status:42 - New Status added: (mno_0002, mno_01, test message 3)
2021-09-15 17:10:10.071 | INFO     | users:add_user:44 - New User added: (ijk_01, ijk.lmn@test.com, ijk, lmn)
2021-09-15 17:10:10.089 | WARNING  | user_status:delete_status:70 - status_id:mno_0006 doesn't exist and cannot be deleted.
2021-09-15 17:10:10.112 | WARNING  | users:delete_user:81 - user_id:abc_04 doesn't exist and cannot be deleted.
2021-09-15 17:10:10.139 | WARNING  | user_status:delete_status:70 - status_id:mno_0002 doesn't exist and cannot be deleted.
2021-09-15 17:10:10.157 | INFO     | users:delete_user:78 - abc_01 deleted from database.
2021-09-15 17:10:10.186 | INFO     | list_user_images:list_of_user_images:84 - 1 images found for user abc_01
2021-09-15 17:10:10.205 | WARNING  | user_status:modify_status:61 - status_id:mno_0003 doesn't exist and cannot be modified.
2021-09-15 17:10:10.229 | WARNING  | users:modify_user:67 - user_id:abc_02 doesn't exist and cannot be modified.
2021-09-15 17:10:10.247 | INFO     | user_status:modify_status:58 -  status_id: mno_0001 modified -  new_status_text:test message 4)
2021-09-15 17:10:10.263 | INFO     | users:modify_user:63 - User abc_01 modified - new_email:abc.xyz@test.com, new_user_name:abc, new_user_last_name: xyz)
2021-09-15 17:10:10.278 | INFO     | list_user_images:list_of_user_images:84 - 2 images found for user mno_01
2021-09-15 17:10:10.296 | DEBUG    | list_user_images:reconcile_images:114 - user_id:mno01 doesn't exist and images cannot be reconciled.
2021-09-15 17:10:10.312 | INFO     | list_user_images:list_of_user_images:84 - 2 images found for user mno_01
2021-09-15 17:10:10.330 | WARNING  | user_status:search_status:79 - status_id:mno_0004 not found in the database.
2021-09-15 17:10:10.349 | WARNING  | users:search_user:93 - user_id:abc_02 not found in the database.
2021-09-15 17:10:10.368 | INFO     | user_status:search_status:76 - mno_0005 found in search database.
2021-09-15 17:10:10.383 | INFO     | users:search_user:90 - mno_01 found in search database.
2021-09-15 17:12:30.581 | WARNING  | user_status:add_status:45 - status_id:mno_0001 already existed. Duplicate entry cannot be made.
2021-09-15 17:12:30.603 | WARNING  | users:add_user:47 - user_id:abc_01 already existed. Duplicate entry cannot be made.
2021-09-15 17:12:30.635 | INFO     | list_user_images:add_image:52 - New Image added: (4, mno_01, #car #luxury at mno_01/car/luxury)
2021-09-15 17:12:30.666 | DEBUG    | list_user_images:check_image_constraints:26 - Tags can only contain upper and lower case letters and underscore
2021-09-15 17:12:30.695 | INFO     | user_status:add_status:42 - New Status added: (mno_0002, mno_01, test message 3)
2021-09-15 17:12:30.721 | INFO     | users:add_user:44 - New User added: (ijk_01, ijk.lmn@test.com, ijk, lmn)
2021-09-15 17:12:30.745 | WARNING  | user_status:delete_status:70 - status_id:mno_0006 doesn't exist and cannot be deleted.
2021-09-15 17:12:30.773 | WARNING  | users:delete_user:81 - user_id:abc_04 doesn't exist and cannot be deleted.
2021-09-15 17:12:30.794 | WARNING  | user_status:delete_status:70 - status_id:mno_0002 doesn't exist and cannot be deleted.
2021-09-15 17:12:30.811 | INFO     | users:delete_user:78 - abc_01 deleted from database.
2021-09-15 17:12:30.826 | INFO     | list_user_images:list_of_user_images:84 - 1 images found for user abc_01
2021-09-15 17:12:30.843 | WARNING  | user_status:modify_status:61 - status_id:mno_0003 doesn't exist and cannot be modified.
2021-09-15 17:12:30.859 | WARNING  | users:modify_user:67 - user_id:abc_02 doesn't exist and cannot be modified.
2021-09-15 17:12:30.881 | INFO     | user_status:modify_status:58 -  status_id: mno_0001 modified -  new_status_text:test message 4)
2021-09-15 17:12:30.896 | INFO     | users:modify_user:63 - User abc_01 modified - new_email:abc.xyz@test.com, new_user_name:abc, new_user_last_name: xyz)
2021-09-15 17:12:30.912 | INFO     | list_user_images:list_of_user_images:84 - 2 images found for user mno_01
2021-09-15 17:12:30.934 | DEBUG    | list_user_images:reconcile_images:114 - user_id:mno01 doesn't exist and images cannot be reconciled.
2021-09-15 17:12:30.956 | INFO     | list_user_images:list_of_user_images:84 - 2 images found for user mno_01
2021-09-15 17:12:30.973 | WARNING  | user_status:search_status:79 - status_id:mno_0004 not found in the database.
2021-09-15 17:12:30.990 | WARNING  | users:search_user:93 - user_id:abc_02 not found in the database.
2021-09-15 17:12:31.006 | INFO     | user_status:search_status:76 - mno_0005 found in search database.
2021-09-15 17:12:31.023 | INFO     | users:search_user:90 - mno_01 found in search database.
2021-09-15 17:13:43.275 | WARNING  | user_status:add_status:45 - status_id:mno_0001 already existed. Duplicate entry cannot be made.
2021-09-15 17:13:43.295 | WARNING  | users:add_user:47 - user_id:abc_01 already existed. Duplicate entry cannot be made.
2021-09-15 17:13:43.316 | INFO     | list_user_images:add_image:52 - New Image added: (4, mno_01, #car #luxury at mno_01/car/luxury)
2021-09-15 17:13:43.332 | DEBUG    | list_user_images:check_image_constraints:26 - Tags can only contain upper and lower case letters and underscore
2021-09-15 17:13:43.349 | INFO     | user_status:add_status:42 - New Status added: (mno_0002, mno_01, test message 3)
2021-09-15 17:13:43.365 | INFO     | users:add_user:44 - New User added: (ijk_01, ijk.lmn@test.com, ijk, lmn)
2021-09-15 17:13:43.383 | WARNING  | user_status:delete_status:70 - status_id:mno_0006 doesn't exist and cannot be deleted.
2021-09-15 17:13:43.399 | WARNING  | users:delete_user:81 - user_id:abc_04 doesn't exist and cannot be deleted.
2021-09-15 17:13:43.414 | WARNING  | user_status:delete_status:70 - status_id:mno_0002 doesn't exist and cannot be deleted.
2021-09-15 17:13:43.430 | INFO     | users:delete_user:78 - abc_01 deleted from database.
2021-09-15 17:13:43.454 | INFO     | list_user_images:list_of_user_images:84 - 1 images found for user abc_01
2021-09-15 17:13:43.474 | WARNING  | user_status:modify_status:61 - status_id:mno_0003 doesn't exist and cannot be modified.
2021-09-15 17:13:43.492 | WARNING  | users:modify_user:67 - user_id:abc_02 doesn't exist and cannot be modified.
2021-09-15 17:13:43.516 | INFO     | user_status:modify_status:58 -  status_id: mno_0001 modified -  new_status_text:test message 4)
2021-09-15 17:13:43.535 | INFO     | users:modify_user:63 - User abc_01 modified - new_email:abc.xyz@test.com, new_user_name:abc, new_user_last_name: xyz)
2021-09-15 17:13:43.552 | INFO     | list_user_images:list_of_user_images:84 - 2 images found for user mno_01
2021-09-15 17:13:43.572 | DEBUG    | list_user_images:reconcile_images:114 - user_id:mno01 doesn't exist and images cannot be reconciled.
2021-09-15 17:13:43.588 | INFO     | list_user_images:list_of_user_images:84 - 2 images found for user mno_01
2021-09-15 17:13:43.606 | WARNING  | user_status:search_status:79 - status_id:mno_0004 not found in the database.
2021-09-15 17:13:43.623 | WARNING  | users:search_user:93 - user_id:abc_02 not found in the database.
2021-09-15 17:13:43.645 | INFO     | user_status:search_status:76 - mno_0005 found in search database.
2021-09-15 17:13:43.666 | INFO     | users:search_user:90 - mno_01 found in search database.
2021-09-15 17:22:43.546 | WARNING  | user_status:add_status:45 - status_id:mno_0001 already existed. Duplicate entry cannot be made.
2021-09-15 17:22:43.564 | WARNING  | users:add_user:47 - user_id:abc_01 already existed. Duplicate entry cannot be made.
2021-09-15 17:22:43.583 | INFO     | list_user_images:add_image:52 - New Image added: (4, mno_01, #car #luxury at mno_01/car/luxury)
2021-09-15 17:22:43.601 | DEBUG    | list_user_images:check_image_constraints:26 - Tags can only contain upper and lower case letters and underscore
2021-09-15 17:22:43.633 | INFO     | user_status:add_status:42 - New Status added: (mno_0002, mno_01, test message 3)
2021-09-15 17:22:43.649 | INFO     | users:add_user:44 - New User added: (ijk_01, ijk.lmn@test.com, ijk, lmn)
2021-09-15 17:22:43.666 | WARNING  | user_status:delete_status:70 - status_id:mno_0006 doesn't exist and cannot be deleted.
2021-09-15 17:22:43.683 | WARNING  | users:delete_user:81 - user_id:abc_04 doesn't exist and cannot be deleted.
2021-09-15 17:22:43.706 | WARNING  | user_status:delete_status:70 - status_id:mno_0002 doesn't exist and cannot be deleted.
2021-09-15 17:22:43.730 | INFO     | users:delete_user:78 - abc_01 deleted from database.
2021-09-15 17:22:43.749 | INFO     | list_user_images:list_of_user_images:84 - 1 images found for user abc_01
2021-09-15 17:22:43.769 | WARNING  | user_status:modify_status:61 - status_id:mno_0003 doesn't exist and cannot be modified.
2021-09-15 17:22:43.796 | WARNING  | users:modify_user:67 - user_id:abc_02 doesn't exist and cannot be modified.
2021-09-15 17:22:43.826 | INFO     | user_status:modify_status:58 -  status_id: mno_0001 modified -  new_status_text:test message 4)
2021-09-15 17:22:43.847 | INFO     | users:modify_user:63 - User abc_01 modified - new_email:abc.xyz@test.com, new_user_name:abc, new_user_last_name: xyz)
2021-09-15 17:22:43.875 | INFO     | list_user_images:list_of_user_images:84 - 2 images found for user mno_01
2021-09-15 17:22:43.905 | DEBUG    | list_user_images:reconcile_images:114 - user_id:mno01 doesn't exist and images cannot be reconciled.
2021-09-15 17:22:43.927 | INFO     | list_user_images:list_of_user_images:84 - 2 images found for user mno_01
2021-09-15 17:22:43.950 | WARNING  | user_status:search_status:79 - status_id:mno_0004 not found in the database.
2021-09-15 17:22:43.975 | WARNING  | users:search_user:93 - user_id:abc_02 not found in the database.
2021-09-15 17:22:43.997 | INFO     | user_status:search_status:76 - mno_0005 found in search database.
2021-09-15 17:22:44.014 | INFO     | users:search_user:90 - mno_01 found in search database.
2021-09-15 17:27:51.404 | DEBUG    | menu:dataset_connection:44 - Database closed
2021-09-15 17:27:52.805 | DEBUG    | menu:dataset_connection:34 - Database opened
2021-09-15 17:27:52.811 | DEBUG    | socialnetwork_model:create_tables:20 - User Table created in database
2021-09-15 17:27:52.816 | DEBUG    | socialnetwork_model:create_tables:31 - Status Table created in database
2021-09-15 17:27:52.819 | DEBUG    | socialnetwork_model:create_tables:40 - Picture Table created in database
2021-09-15 17:28:15.864 | INFO     | list_user_images:list_of_user_images:84 - 4 images found for user abc01
2021-09-15 17:29:39.211 | WARNING  | user_status:add_status:45 - status_id:mno_0001 already existed. Duplicate entry cannot be made.
2021-09-15 17:29:39.249 | WARNING  | users:add_user:47 - user_id:abc_01 already existed. Duplicate entry cannot be made.
2021-09-15 17:29:39.277 | INFO     | list_user_images:add_image:52 - New Image added: (4, mno_01, #car #luxury at mno_01/car/luxury)
2021-09-15 17:29:39.304 | DEBUG    | list_user_images:check_image_constraints:26 - Tags can only contain upper and lower case letters and underscore
2021-09-15 17:29:39.361 | INFO     | user_status:add_status:42 - New Status added: (mno_0002, mno_01, test message 3)
2021-09-15 17:29:39.424 | INFO     | users:add_user:44 - New User added: (ijk_01, ijk.lmn@test.com, ijk, lmn)
2021-09-15 17:29:39.458 | WARNING  | user_status:delete_status:70 - status_id:mno_0006 doesn't exist and cannot be deleted.
2021-09-15 17:29:39.543 | WARNING  | users:delete_user:81 - user_id:abc_04 doesn't exist and cannot be deleted.
2021-09-15 17:29:39.602 | WARNING  | user_status:delete_status:70 - status_id:mno_0002 doesn't exist and cannot be deleted.
2021-09-15 17:29:39.634 | INFO     | users:delete_user:78 - abc_01 deleted from database.
2021-09-15 17:29:39.685 | INFO     | list_user_images:list_of_user_images:84 - 1 images found for user abc_01
2021-09-15 17:29:39.717 | WARNING  | user_status:modify_status:61 - status_id:mno_0003 doesn't exist and cannot be modified.
2021-09-15 17:29:39.737 | WARNING  | users:modify_user:67 - user_id:abc_02 doesn't exist and cannot be modified.
2021-09-15 17:29:39.755 | INFO     | user_status:modify_status:58 -  status_id: mno_0001 modified -  new_status_text:test message 4)
2021-09-15 17:29:39.773 | INFO     | users:modify_user:63 - User abc_01 modified - new_email:abc.xyz@test.com, new_user_name:abc, new_user_last_name: xyz)
2021-09-15 17:29:39.791 | INFO     | list_user_images:list_of_user_images:84 - 2 images found for user mno_01
2021-09-15 17:29:39.809 | DEBUG    | list_user_images:reconcile_images:114 - user_id:mno01 doesn't exist and images cannot be reconciled.
2021-09-15 17:29:39.828 | INFO     | list_user_images:list_of_user_images:84 - 2 images found for user mno_01
2021-09-15 17:29:39.845 | WARNING  | user_status:search_status:79 - status_id:mno_0004 not found in the database.
2021-09-15 17:29:39.862 | WARNING  | users:search_user:93 - user_id:abc_02 not found in the database.
2021-09-15 17:29:39.892 | INFO     | user_status:search_status:76 - mno_0005 found in search database.
2021-09-15 17:29:39.914 | INFO     | users:search_user:90 - mno_01 found in search database.
2021-09-15 17:31:33.714 | DEBUG    | menu:dataset_connection:44 - Database closed
2021-09-15 17:31:35.137 | DEBUG    | menu:dataset_connection:34 - Database opened
2021-09-15 17:31:35.143 | DEBUG    | socialnetwork_model:create_tables:20 - User Table created in database
2021-09-15 17:31:35.147 | DEBUG    | socialnetwork_model:create_tables:31 - Status Table created in database
2021-09-15 17:31:35.151 | DEBUG    | socialnetwork_model:create_tables:40 - Picture Table created in database
2021-09-15 17:31:52.955 | INFO     | list_user_images:list_of_user_images:84 - 4 images found for user abc01
2021-09-15 17:32:02.498 | WARNING  | user_status:add_status:45 - status_id:mno_0001 already existed. Duplicate entry cannot be made.
2021-09-15 17:32:02.515 | WARNING  | users:add_user:47 - user_id:abc_01 already existed. Duplicate entry cannot be made.
2021-09-15 17:32:02.533 | INFO     | list_user_images:add_image:52 - New Image added: (4, mno_01, #car #luxury at mno_01/car/luxury)
2021-09-15 17:32:02.549 | DEBUG    | list_user_images:check_image_constraints:26 - Tags can only contain upper and lower case letters and underscore
2021-09-15 17:32:02.566 | INFO     | user_status:add_status:42 - New Status added: (mno_0002, mno_01, test message 3)
2021-09-15 17:32:02.584 | INFO     | users:add_user:44 - New User added: (ijk_01, ijk.lmn@test.com, ijk, lmn)
2021-09-15 17:32:02.601 | WARNING  | user_status:delete_status:70 - status_id:mno_0006 doesn't exist and cannot be deleted.
2021-09-15 17:32:02.617 | WARNING  | users:delete_user:81 - user_id:abc_04 doesn't exist and cannot be deleted.
2021-09-15 17:32:02.637 | WARNING  | user_status:delete_status:70 - status_id:mno_0002 doesn't exist and cannot be deleted.
2021-09-15 17:32:02.653 | INFO     | users:delete_user:78 - abc_01 deleted from database.
2021-09-15 17:32:02.669 | INFO     | list_user_images:list_of_user_images:84 - 1 images found for user abc_01
2021-09-15 17:32:02.690 | WARNING  | user_status:modify_status:61 - status_id:mno_0003 doesn't exist and cannot be modified.
2021-09-15 17:32:02.707 | WARNING  | users:modify_user:67 - user_id:abc_02 doesn't exist and cannot be modified.
2021-09-15 17:32:02.724 | INFO     | user_status:modify_status:58 -  status_id: mno_0001 modified -  new_status_text:test message 4)
2021-09-15 17:32:02.742 | INFO     | users:modify_user:63 - User abc_01 modified - new_email:abc.xyz@test.com, new_user_name:abc, new_user_last_name: xyz)
2021-09-15 17:32:02.758 | INFO     | list_user_images:list_of_user_images:84 - 2 images found for user mno_01
2021-09-15 17:32:02.775 | DEBUG    | list_user_images:reconcile_images:114 - user_id:mno01 doesn't exist and images cannot be reconciled.
2021-09-15 17:32:02.795 | INFO     | list_user_images:list_of_user_images:84 - 2 images found for user mno_01
2021-09-15 17:32:02.817 | WARNING  | user_status:search_status:79 - status_id:mno_0004 not found in the database.
2021-09-15 17:32:02.841 | WARNING  | users:search_user:93 - user_id:abc_02 not found in the database.
2021-09-15 17:32:02.874 | INFO     | user_status:search_status:76 - mno_0005 found in search database.
2021-09-15 17:32:02.895 | INFO     | users:search_user:90 - mno_01 found in search database.
2021-09-15 17:33:42.798 | WARNING  | user_status:add_status:45 - status_id:mno_0001 already existed. Duplicate entry cannot be made.
2021-09-15 17:33:42.825 | WARNING  | users:add_user:47 - user_id:abc_01 already existed. Duplicate entry cannot be made.
2021-09-15 17:33:42.850 | INFO     | list_user_images:add_image:52 - New Image added: (4, mno_01, #car #luxury at mno_01/car/luxury)
2021-09-15 17:33:42.877 | DEBUG    | list_user_images:check_image_constraints:26 - Tags can only contain upper and lower case letters and underscore
2021-09-15 17:33:42.898 | INFO     | user_status:add_status:42 - New Status added: (mno_0002, mno_01, test message 3)
2021-09-15 17:33:42.918 | INFO     | users:add_user:44 - New User added: (ijk_01, ijk.lmn@test.com, ijk, lmn)
2021-09-15 17:33:42.938 | WARNING  | user_status:delete_status:70 - status_id:mno_0006 doesn't exist and cannot be deleted.
2021-09-15 17:33:42.955 | WARNING  | users:delete_user:81 - user_id:abc_04 doesn't exist and cannot be deleted.
2021-09-15 17:33:42.973 | WARNING  | user_status:delete_status:70 - status_id:mno_0002 doesn't exist and cannot be deleted.
2021-09-15 17:33:42.990 | INFO     | users:delete_user:78 - abc_01 deleted from database.
2021-09-15 17:33:43.009 | INFO     | list_user_images:list_of_user_images:84 - 1 images found for user abc_01
2021-09-15 17:33:43.027 | WARNING  | user_status:modify_status:61 - status_id:mno_0003 doesn't exist and cannot be modified.
2021-09-15 17:33:43.045 | WARNING  | users:modify_user:67 - user_id:abc_02 doesn't exist and cannot be modified.
2021-09-15 17:33:43.066 | INFO     | user_status:modify_status:58 -  status_id: mno_0001 modified -  new_status_text:test message 4)
2021-09-15 17:33:43.095 | INFO     | users:modify_user:63 - User abc_01 modified - new_email:abc.xyz@test.com, new_user_name:abc, new_user_last_name: xyz)
2021-09-15 17:33:43.122 | INFO     | list_user_images:list_of_user_images:84 - 2 images found for user mno_01
2021-09-15 17:33:43.151 | DEBUG    | list_user_images:reconcile_images:114 - user_id:mno01 doesn't exist and images cannot be reconciled.
2021-09-15 17:33:43.179 | INFO     | list_user_images:list_of_user_images:84 - 2 images found for user mno_01
2021-09-15 17:33:43.213 | WARNING  | user_status:search_status:79 - status_id:mno_0004 not found in the database.
2021-09-15 17:33:43.241 | WARNING  | users:search_user:93 - user_id:abc_02 not found in the database.
2021-09-15 17:33:43.260 | INFO     | user_status:search_status:76 - mno_0005 found in search database.
2021-09-15 17:33:43.281 | INFO     | users:search_user:90 - mno_01 found in search database.
2021-09-15 17:35:27.697 | WARNING  | user_status:add_status:45 - status_id:mno_0001 already existed. Duplicate entry cannot be made.
2021-09-15 17:35:27.728 | WARNING  | users:add_user:47 - user_id:abc_01 already existed. Duplicate entry cannot be made.
2021-09-15 17:35:27.764 | INFO     | list_user_images:add_image:52 - New Image added: (4, mno_01, #car #luxury at mno_01/car/luxury)
2021-09-15 17:35:27.795 | DEBUG    | list_user_images:check_image_constraints:26 - Tags can only contain upper and lower case letters and underscore
2021-09-15 17:35:27.824 | INFO     | user_status:add_status:42 - New Status added: (mno_0002, mno_01, test message 3)
2021-09-15 17:35:27.851 | INFO     | users:add_user:44 - New User added: (ijk_01, ijk.lmn@test.com, ijk, lmn)
2021-09-15 17:35:27.877 | WARNING  | user_status:delete_status:70 - status_id:mno_0006 doesn't exist and cannot be deleted.
2021-09-15 17:35:27.907 | WARNING  | users:delete_user:81 - user_id:abc_04 doesn't exist and cannot be deleted.
2021-09-15 17:35:27.930 | WARNING  | user_status:delete_status:70 - status_id:mno_0002 doesn't exist and cannot be deleted.
2021-09-15 17:35:27.958 | INFO     | users:delete_user:78 - abc_01 deleted from database.
2021-09-15 17:35:27.986 | INFO     | list_user_images:list_of_user_images:84 - 1 images found for user abc_01
2021-09-15 17:35:28.009 | WARNING  | user_status:modify_status:61 - status_id:mno_0003 doesn't exist and cannot be modified.
2021-09-15 17:35:28.029 | WARNING  | users:modify_user:67 - user_id:abc_02 doesn't exist and cannot be modified.
2021-09-15 17:35:28.051 | INFO     | user_status:modify_status:58 -  status_id: mno_0001 modified -  new_status_text:test message 4)
2021-09-15 17:35:28.079 | INFO     | users:modify_user:63 - User abc_01 modified - new_email:abc.xyz@test.com, new_user_name:abc, new_user_last_name: xyz)
2021-09-15 17:35:28.101 | INFO     | list_user_images:list_of_user_images:84 - 2 images found for user mno_01
2021-09-15 17:35:28.123 | DEBUG    | list_user_images:reconcile_images:114 - user_id:mno01 doesn't exist and images cannot be reconciled.
2021-09-15 17:35:28.149 | INFO     | list_user_images:list_of_user_images:84 - 2 images found for user mno_01
2021-09-15 17:35:28.178 | WARNING  | user_status:search_status:79 - status_id:mno_0004 not found in the database.
2021-09-15 17:35:28.210 | WARNING  | users:search_user:93 - user_id:abc_02 not found in the database.
2021-09-15 17:35:28.235 | INFO     | user_status:search_status:76 - mno_0005 found in search database.
2021-09-15 17:35:28.260 | INFO     | users:search_user:90 - mno_01 found in search database.
2021-09-15 17:36:06.721 | WARNING  | user_status:add_status:45 - status_id:mno_0001 already existed. Duplicate entry cannot be made.
2021-09-15 17:36:06.751 | WARNING  | users:add_user:47 - user_id:abc_01 already existed. Duplicate entry cannot be made.
2021-09-15 17:36:06.785 | INFO     | list_user_images:add_image:52 - New Image added: (4, mno_01, #car #luxury at mno_01/car/luxury)
2021-09-15 17:36:06.812 | DEBUG    | list_user_images:check_image_constraints:26 - Tags can only contain upper and lower case letters and underscore
2021-09-15 17:36:06.848 | INFO     | user_status:add_status:42 - New Status added: (mno_0002, mno_01, test message 3)
2021-09-15 17:36:06.882 | INFO     | users:add_user:44 - New User added: (ijk_01, ijk.lmn@test.com, ijk, lmn)
2021-09-15 17:36:06.913 | WARNING  | user_status:delete_status:70 - status_id:mno_0006 doesn't exist and cannot be deleted.
2021-09-15 17:36:06.933 | WARNING  | users:delete_user:81 - user_id:abc_04 doesn't exist and cannot be deleted.
2021-09-15 17:36:06.955 | WARNING  | user_status:delete_status:70 - status_id:mno_0002 doesn't exist and cannot be deleted.
2021-09-15 17:36:06.977 | INFO     | users:delete_user:78 - abc_01 deleted from database.
2021-09-15 17:36:07.001 | INFO     | list_user_images:list_of_user_images:84 - 1 images found for user abc_01
2021-09-15 17:36:07.029 | WARNING  | user_status:modify_status:61 - status_id:mno_0003 doesn't exist and cannot be modified.
2021-09-15 17:36:07.052 | WARNING  | users:modify_user:67 - user_id:abc_02 doesn't exist and cannot be modified.
2021-09-15 17:36:07.069 | INFO     | user_status:modify_status:58 -  status_id: mno_0001 modified -  new_status_text:test message 4)
2021-09-15 17:36:07.089 | INFO     | users:modify_user:63 - User abc_01 modified - new_email:abc.xyz@test.com, new_user_name:abc, new_user_last_name: xyz)
2021-09-15 17:36:07.107 | INFO     | list_user_images:list_of_user_images:84 - 2 images found for user mno_01
2021-09-15 17:36:07.124 | DEBUG    | list_user_images:reconcile_images:114 - user_id:mno01 doesn't exist and images cannot be reconciled.
2021-09-15 17:36:07.141 | INFO     | list_user_images:list_of_user_images:84 - 2 images found for user mno_01
2021-09-15 17:36:07.158 | WARNING  | user_status:search_status:79 - status_id:mno_0004 not found in the database.
2021-09-15 17:36:07.176 | WARNING  | users:search_user:93 - user_id:abc_02 not found in the database.
2021-09-15 17:36:07.194 | INFO     | user_status:search_status:76 - mno_0005 found in search database.
2021-09-15 17:36:07.213 | INFO     | users:search_user:90 - mno_01 found in search database.
2021-09-15 17:36:50.904 | WARNING  | user_status:add_status:45 - status_id:mno_0001 already existed. Duplicate entry cannot be made.
2021-09-15 17:36:50.926 | WARNING  | users:add_user:47 - user_id:abc_01 already existed. Duplicate entry cannot be made.
2021-09-15 17:36:50.973 | INFO     | list_user_images:add_image:52 - New Image added: (4, mno_01, #car #luxury at mno_01/car/luxury)
2021-09-15 17:36:51.005 | DEBUG    | list_user_images:check_image_constraints:26 - Tags can only contain upper and lower case letters and underscore
2021-09-15 17:36:51.031 | INFO     | user_status:add_status:42 - New Status added: (mno_0002, mno_01, test message 3)
2021-09-15 17:36:51.054 | INFO     | users:add_user:44 - New User added: (ijk_01, ijk.lmn@test.com, ijk, lmn)
2021-09-15 17:36:51.080 | WARNING  | user_status:delete_status:70 - status_id:mno_0006 doesn't exist and cannot be deleted.
2021-09-15 17:36:51.096 | WARNING  | users:delete_user:81 - user_id:abc_04 doesn't exist and cannot be deleted.
2021-09-15 17:36:51.113 | WARNING  | user_status:delete_status:70 - status_id:mno_0002 doesn't exist and cannot be deleted.
2021-09-15 17:36:51.131 | INFO     | users:delete_user:78 - abc_01 deleted from database.
2021-09-15 17:36:51.146 | INFO     | list_user_images:list_of_user_images:84 - 1 images found for user abc_01
2021-09-15 17:36:51.163 | WARNING  | user_status:modify_status:61 - status_id:mno_0003 doesn't exist and cannot be modified.
2021-09-15 17:36:51.181 | WARNING  | users:modify_user:67 - user_id:abc_02 doesn't exist and cannot be modified.
2021-09-15 17:36:51.201 | INFO     | user_status:modify_status:58 -  status_id: mno_0001 modified -  new_status_text:test message 4)
2021-09-15 17:36:51.219 | INFO     | users:modify_user:63 - User abc_01 modified - new_email:abc.xyz@test.com, new_user_name:abc, new_user_last_name: xyz)
2021-09-15 17:36:51.237 | INFO     | list_user_images:list_of_user_images:84 - 2 images found for user mno_01
2021-09-15 17:36:51.254 | DEBUG    | list_user_images:reconcile_images:114 - user_id:mno01 doesn't exist and images cannot be reconciled.
2021-09-15 17:36:51.334 | INFO     | list_user_images:list_of_user_images:84 - 2 images found for user mno_01
2021-09-15 17:36:51.477 | WARNING  | user_status:search_status:79 - status_id:mno_0004 not found in the database.
2021-09-15 17:36:51.523 | WARNING  | users:search_user:93 - user_id:abc_02 not found in the database.
2021-09-15 17:36:51.553 | INFO     | user_status:search_status:76 - mno_0005 found in search database.
2021-09-15 17:36:51.582 | INFO     | users:search_user:90 - mno_01 found in search database.
2021-09-15 17:38:22.958 | DEBUG    | menu:dataset_connection:44 - Database closed
2021-09-15 17:38:24.481 | DEBUG    | menu:dataset_connection:34 - Database opened
2021-09-15 17:38:24.487 | DEBUG    | socialnetwork_model:create_tables:20 - User Table created in database
2021-09-15 17:38:24.491 | DEBUG    | socialnetwork_model:create_tables:31 - Status Table created in database
2021-09-15 17:38:24.496 | DEBUG    | socialnetwork_model:create_tables:40 - Picture Table created in database
2021-09-15 17:38:24.501 | DEBUG    | menu:dataset_connection:44 - Database closed
2021-09-15 17:38:58.505 | DEBUG    | menu:dataset_connection:34 - Database opened
2021-09-15 17:38:58.510 | DEBUG    | socialnetwork_model:create_tables:20 - User Table created in database
2021-09-15 17:38:58.514 | DEBUG    | socialnetwork_model:create_tables:31 - Status Table created in database
2021-09-15 17:38:58.520 | DEBUG    | socialnetwork_model:create_tables:40 - Picture Table created in database
2021-09-15 17:38:58.805 | INFO     | list_user_images:list_of_user_images:84 - 4 images found for user abc01
2021-09-15 17:38:59.267 | INFO     | list_user_images:list_of_user_images:84 - 4 images found for user abc01
2021-09-15 17:39:11.806 | WARNING  | user_status:add_status:45 - status_id:mno_0001 already existed. Duplicate entry cannot be made.
2021-09-15 17:39:11.827 | WARNING  | users:add_user:47 - user_id:abc_01 already existed. Duplicate entry cannot be made.
2021-09-15 17:39:11.854 | INFO     | list_user_images:add_image:52 - New Image added: (4, mno_01, #car #luxury at mno_01/car/luxury)
2021-09-15 17:39:11.889 | DEBUG    | list_user_images:check_image_constraints:26 - Tags can only contain upper and lower case letters and underscore
2021-09-15 17:39:11.914 | INFO     | user_status:add_status:42 - New Status added: (mno_0002, mno_01, test message 3)
2021-09-15 17:39:11.942 | INFO     | users:add_user:44 - New User added: (ijk_01, ijk.lmn@test.com, ijk, lmn)
2021-09-15 17:39:11.967 | WARNING  | user_status:delete_status:70 - status_id:mno_0006 doesn't exist and cannot be deleted.
2021-09-15 17:39:11.987 | WARNING  | users:delete_user:81 - user_id:abc_04 doesn't exist and cannot be deleted.
2021-09-15 17:39:12.005 | WARNING  | user_status:delete_status:70 - status_id:mno_0002 doesn't exist and cannot be deleted.
2021-09-15 17:39:12.026 | INFO     | users:delete_user:78 - abc_01 deleted from database.
2021-09-15 17:39:12.044 | INFO     | list_user_images:list_of_user_images:84 - 1 images found for user abc_01
2021-09-15 17:39:12.065 | WARNING  | user_status:modify_status:61 - status_id:mno_0003 doesn't exist and cannot be modified.
2021-09-15 17:39:12.084 | WARNING  | users:modify_user:67 - user_id:abc_02 doesn't exist and cannot be modified.
2021-09-15 17:39:12.102 | INFO     | user_status:modify_status:58 -  status_id: mno_0001 modified -  new_status_text:test message 4)
2021-09-15 17:39:12.120 | INFO     | users:modify_user:63 - User abc_01 modified - new_email:abc.xyz@test.com, new_user_name:abc, new_user_last_name: xyz)
2021-09-15 17:39:12.141 | INFO     | list_user_images:list_of_user_images:84 - 2 images found for user mno_01
2021-09-15 17:39:12.164 | DEBUG    | list_user_images:reconcile_images:114 - user_id:mno01 doesn't exist and images cannot be reconciled.
2021-09-15 17:39:12.187 | INFO     | list_user_images:list_of_user_images:84 - 2 images found for user mno_01
2021-09-15 17:39:12.212 | WARNING  | user_status:search_status:79 - status_id:mno_0004 not found in the database.
2021-09-15 17:39:12.231 | WARNING  | users:search_user:93 - user_id:abc_02 not found in the database.
2021-09-15 17:39:12.250 | INFO     | user_status:search_status:76 - mno_0005 found in search database.
2021-09-15 17:39:12.276 | INFO     | users:search_user:90 - mno_01 found in search database.
2021-09-15 17:41:19.003 | WARNING  | user_status:add_status:45 - status_id:mno_0001 already existed. Duplicate entry cannot be made.
2021-09-15 17:41:19.025 | WARNING  | users:add_user:47 - user_id:abc_01 already existed. Duplicate entry cannot be made.
2021-09-15 17:41:19.048 | INFO     | list_user_images:add_image:52 - New Image added: (4, mno_01, #car #luxury at mno_01/car/luxury)
2021-09-15 17:41:19.082 | DEBUG    | list_user_images:check_image_constraints:26 - Tags can only contain upper and lower case letters and underscore
2021-09-15 17:41:19.100 | INFO     | user_status:add_status:42 - New Status added: (mno_0002, mno_01, test message 3)
2021-09-15 17:41:19.121 | INFO     | users:add_user:44 - New User added: (ijk_01, ijk.lmn@test.com, ijk, lmn)
2021-09-15 17:41:19.146 | WARNING  | user_status:delete_status:70 - status_id:mno_0006 doesn't exist and cannot be deleted.
2021-09-15 17:41:19.170 | WARNING  | users:delete_user:81 - user_id:abc_04 doesn't exist and cannot be deleted.
2021-09-15 17:41:19.195 | WARNING  | user_status:delete_status:70 - status_id:mno_0002 doesn't exist and cannot be deleted.
2021-09-15 17:41:19.216 | INFO     | users:delete_user:78 - abc_01 deleted from database.
2021-09-15 17:41:19.235 | INFO     | list_user_images:list_of_user_images:84 - 1 images found for user abc_01
2021-09-15 17:41:19.252 | WARNING  | user_status:modify_status:61 - status_id:mno_0003 doesn't exist and cannot be modified.
2021-09-15 17:41:19.269 | WARNING  | users:modify_user:67 - user_id:abc_02 doesn't exist and cannot be modified.
2021-09-15 17:41:19.286 | INFO     | user_status:modify_status:58 -  status_id: mno_0001 modified -  new_status_text:test message 4)
2021-09-15 17:41:19.304 | INFO     | users:modify_user:63 - User abc_01 modified - new_email:abc.xyz@test.com, new_user_name:abc, new_user_last_name: xyz)
2021-09-15 17:41:19.320 | INFO     | list_user_images:list_of_user_images:84 - 2 images found for user mno_01
2021-09-15 17:41:19.336 | DEBUG    | list_user_images:reconcile_images:114 - user_id:mno01 doesn't exist and images cannot be reconciled.
2021-09-15 17:41:19.354 | INFO     | list_user_images:list_of_user_images:84 - 2 images found for user mno_01
2021-09-15 17:41:19.371 | WARNING  | user_status:search_status:79 - status_id:mno_0004 not found in the database.
2021-09-15 17:41:19.387 | WARNING  | users:search_user:93 - user_id:abc_02 not found in the database.
2021-09-15 17:41:19.420 | INFO     | user_status:search_status:76 - mno_0005 found in search database.
2021-09-15 17:41:19.437 | INFO     | users:search_user:90 - mno_01 found in search database.
2021-09-15 17:41:19.441 | DEBUG    | menu:dataset_connection:34 - Database opened
2021-09-15 17:41:19.442 | DEBUG    | menu:dataset_connection:38 - Error: name 'snm' is not defined
2021-09-15 17:41:19.442 | DEBUG    | menu:dataset_connection:44 - Database closed
2021-09-15 17:41:19.891 | DEBUG    | menu:dataset_connection:34 - Database opened
2021-09-15 17:41:19.891 | DEBUG    | menu:dataset_connection:38 - Error: name 'snm' is not defined
2021-09-15 17:41:19.891 | DEBUG    | menu:dataset_connection:44 - Database closed
2021-09-15 17:41:20.197 | DEBUG    | menu:dataset_connection:34 - Database opened
2021-09-15 17:41:20.197 | DEBUG    | menu:dataset_connection:38 - Error: name 'snm' is not defined
2021-09-15 17:41:20.198 | DEBUG    | menu:dataset_connection:44 - Database closed
2021-09-15 17:42:32.182 | WARNING  | user_status:add_status:45 - status_id:mno_0001 already existed. Duplicate entry cannot be made.
2021-09-15 17:42:32.211 | WARNING  | users:add_user:47 - user_id:abc_01 already existed. Duplicate entry cannot be made.
2021-09-15 17:42:32.240 | INFO     | list_user_images:add_image:52 - New Image added: (4, mno_01, #car #luxury at mno_01/car/luxury)
2021-09-15 17:42:32.260 | DEBUG    | list_user_images:check_image_constraints:26 - Tags can only contain upper and lower case letters and underscore
2021-09-15 17:42:32.288 | INFO     | user_status:add_status:42 - New Status added: (mno_0002, mno_01, test message 3)
2021-09-15 17:42:32.311 | INFO     | users:add_user:44 - New User added: (ijk_01, ijk.lmn@test.com, ijk, lmn)
2021-09-15 17:42:32.501 | WARNING  | user_status:delete_status:70 - status_id:mno_0006 doesn't exist and cannot be deleted.
2021-09-15 17:42:32.517 | WARNING  | users:delete_user:81 - user_id:abc_04 doesn't exist and cannot be deleted.
2021-09-15 17:42:32.535 | WARNING  | user_status:delete_status:70 - status_id:mno_0002 doesn't exist and cannot be deleted.
2021-09-15 17:42:32.551 | INFO     | users:delete_user:78 - abc_01 deleted from database.
2021-09-15 17:42:32.577 | INFO     | list_user_images:list_of_user_images:84 - 1 images found for user abc_01
2021-09-15 17:42:32.598 | WARNING  | user_status:modify_status:61 - status_id:mno_0003 doesn't exist and cannot be modified.
2021-09-15 17:42:32.620 | WARNING  | users:modify_user:67 - user_id:abc_02 doesn't exist and cannot be modified.
2021-09-15 17:42:32.641 | INFO     | user_status:modify_status:58 -  status_id: mno_0001 modified -  new_status_text:test message 4)
2021-09-15 17:42:32.663 | INFO     | users:modify_user:63 - User abc_01 modified - new_email:abc.xyz@test.com, new_user_name:abc, new_user_last_name: xyz)
2021-09-15 17:42:32.684 | INFO     | list_user_images:list_of_user_images:84 - 2 images found for user mno_01
2021-09-15 17:42:32.715 | DEBUG    | list_user_images:reconcile_images:114 - user_id:mno01 doesn't exist and images cannot be reconciled.
2021-09-15 17:42:32.740 | INFO     | list_user_images:list_of_user_images:84 - 2 images found for user mno_01
2021-09-15 17:42:32.763 | WARNING  | user_status:search_status:79 - status_id:mno_0004 not found in the database.
2021-09-15 17:42:32.783 | WARNING  | users:search_user:93 - user_id:abc_02 not found in the database.
2021-09-15 17:42:32.806 | INFO     | user_status:search_status:76 - mno_0005 found in search database.
2021-09-15 17:42:32.837 | INFO     | users:search_user:90 - mno_01 found in search database.
2021-09-15 17:43:31.782 | WARNING  | user_status:add_status:45 - status_id:mno_0001 already existed. Duplicate entry cannot be made.
2021-09-15 17:43:31.807 | WARNING  | users:add_user:47 - user_id:abc_01 already existed. Duplicate entry cannot be made.
2021-09-15 17:43:31.834 | INFO     | list_user_images:add_image:52 - New Image added: (4, mno_01, #car #luxury at mno_01/car/luxury)
2021-09-15 17:43:31.863 | DEBUG    | list_user_images:check_image_constraints:26 - Tags can only contain upper and lower case letters and underscore
2021-09-15 17:43:31.893 | INFO     | user_status:add_status:42 - New Status added: (mno_0002, mno_01, test message 3)
2021-09-15 17:43:31.922 | INFO     | users:add_user:44 - New User added: (ijk_01, ijk.lmn@test.com, ijk, lmn)
2021-09-15 17:43:31.941 | WARNING  | user_status:delete_status:70 - status_id:mno_0006 doesn't exist and cannot be deleted.
2021-09-15 17:43:31.957 | WARNING  | users:delete_user:81 - user_id:abc_04 doesn't exist and cannot be deleted.
2021-09-15 17:43:31.974 | WARNING  | user_status:delete_status:70 - status_id:mno_0002 doesn't exist and cannot be deleted.
2021-09-15 17:43:31.991 | INFO     | users:delete_user:78 - abc_01 deleted from database.
2021-09-15 17:43:32.008 | INFO     | list_user_images:list_of_user_images:84 - 1 images found for user abc_01
2021-09-15 17:43:32.027 | WARNING  | user_status:modify_status:61 - status_id:mno_0003 doesn't exist and cannot be modified.
2021-09-15 17:43:32.043 | WARNING  | users:modify_user:67 - user_id:abc_02 doesn't exist and cannot be modified.
2021-09-15 17:43:32.060 | INFO     | user_status:modify_status:58 -  status_id: mno_0001 modified -  new_status_text:test message 4)
2021-09-15 17:43:32.079 | INFO     | users:modify_user:63 - User abc_01 modified - new_email:abc.xyz@test.com, new_user_name:abc, new_user_last_name: xyz)
2021-09-15 17:43:32.098 | INFO     | list_user_images:list_of_user_images:84 - 2 images found for user mno_01
2021-09-15 17:43:32.122 | DEBUG    | list_user_images:reconcile_images:114 - user_id:mno01 doesn't exist and images cannot be reconciled.
2021-09-15 17:43:32.149 | INFO     | list_user_images:list_of_user_images:84 - 2 images found for user mno_01
2021-09-15 17:43:32.172 | WARNING  | user_status:search_status:79 - status_id:mno_0004 not found in the database.
2021-09-15 17:43:32.194 | WARNING  | users:search_user:93 - user_id:abc_02 not found in the database.
2021-09-15 17:43:32.215 | INFO     | user_status:search_status:76 - mno_0005 found in search database.
2021-09-15 17:43:32.243 | INFO     | users:search_user:90 - mno_01 found in search database.
2021-09-15 17:45:09.813 | WARNING  | user_status:add_status:45 - status_id:mno_0001 already existed. Duplicate entry cannot be made.
2021-09-15 17:45:09.838 | WARNING  | users:add_user:47 - user_id:abc_01 already existed. Duplicate entry cannot be made.
2021-09-15 17:45:09.860 | INFO     | list_user_images:add_image:52 - New Image added: (4, mno_01, #car #luxury at mno_01/car/luxury)
2021-09-15 17:45:09.881 | DEBUG    | list_user_images:check_image_constraints:26 - Tags can only contain upper and lower case letters and underscore
2021-09-15 17:45:09.908 | INFO     | user_status:add_status:42 - New Status added: (mno_0002, mno_01, test message 3)
2021-09-15 17:45:09.928 | INFO     | users:add_user:44 - New User added: (ijk_01, ijk.lmn@test.com, ijk, lmn)
2021-09-15 17:45:09.949 | WARNING  | user_status:delete_status:70 - status_id:mno_0006 doesn't exist and cannot be deleted.
2021-09-15 17:45:09.970 | WARNING  | users:delete_user:81 - user_id:abc_04 doesn't exist and cannot be deleted.
2021-09-15 17:45:09.991 | WARNING  | user_status:delete_status:70 - status_id:mno_0002 doesn't exist and cannot be deleted.
2021-09-15 17:45:10.012 | INFO     | users:delete_user:78 - abc_01 deleted from database.
2021-09-15 17:45:10.033 | INFO     | list_user_images:list_of_user_images:84 - 1 images found for user abc_01
2021-09-15 17:45:10.057 | WARNING  | user_status:modify_status:61 - status_id:mno_0003 doesn't exist and cannot be modified.
2021-09-15 17:45:10.084 | WARNING  | users:modify_user:67 - user_id:abc_02 doesn't exist and cannot be modified.
2021-09-15 17:45:10.107 | INFO     | user_status:modify_status:58 -  status_id: mno_0001 modified -  new_status_text:test message 4)
2021-09-15 17:45:10.128 | INFO     | users:modify_user:63 - User abc_01 modified - new_email:abc.xyz@test.com, new_user_name:abc, new_user_last_name: xyz)
2021-09-15 17:45:10.149 | INFO     | list_user_images:list_of_user_images:84 - 2 images found for user mno_01
2021-09-15 17:45:10.170 | DEBUG    | list_user_images:reconcile_images:114 - user_id:mno01 doesn't exist and images cannot be reconciled.
2021-09-15 17:45:10.191 | INFO     | list_user_images:list_of_user_images:84 - 2 images found for user mno_01
2021-09-15 17:45:10.213 | WARNING  | user_status:search_status:79 - status_id:mno_0004 not found in the database.
2021-09-15 17:45:10.234 | WARNING  | users:search_user:93 - user_id:abc_02 not found in the database.
2021-09-15 17:45:10.256 | INFO     | user_status:search_status:76 - mno_0005 found in search database.
2021-09-15 17:45:10.277 | INFO     | users:search_user:90 - mno_01 found in search database.
2021-09-15 17:49:13.515 | DEBUG    | menu:dataset_connection:44 - Database closed
2021-09-15 17:49:15.591 | DEBUG    | __main__:dataset_connection:44 - Database closed
